[debug] [2022-04-07T00:58:52.291Z] ----------------------------------------------------------------------
[debug] [2022-04-07T00:58:52.292Z] Command:       C:\Program Files\nodejs\node.exe C:\Users\maxim\AppData\Roaming\npm\node_modules\firebase-tools\lib\bin\firebase.js init
[debug] [2022-04-07T00:58:52.292Z] CLI Version:   10.5.0
[debug] [2022-04-07T00:58:52.292Z] Platform:      win32
[debug] [2022-04-07T00:58:52.292Z] Node Version:  v16.13.1
[debug] [2022-04-07T00:58:52.295Z] Time:          Thu Apr 07 2022 02:58:52 GMT+0200 (heure d’été d’Europe centrale)
[debug] [2022-04-07T00:58:52.295Z] ----------------------------------------------------------------------
[debug] 
[debug] [2022-04-07T00:58:52.297Z] >>> [apiv2][query] GET https://firebase-public.firebaseio.com/cli.json [none]
[debug] [2022-04-07T00:58:52.359Z] > command requires scopes: ["email","openid","https://www.googleapis.com/auth/cloudplatformprojects.readonly","https://www.googleapis.com/auth/firebase","https://www.googleapis.com/auth/cloud-platform"]
[debug] [2022-04-07T00:58:52.359Z] > authorizing via signed-in user (maximisim@gmail.com)
[info] 
     ######## #### ########  ######## ########     ###     ######  ########
     ##        ##  ##     ## ##       ##     ##  ##   ##  ##       ##
     ######    ##  ########  ######   ########  #########  ######  ######
     ##        ##  ##    ##  ##       ##     ## ##     ##       ## ##
     ##       #### ##     ## ######## ########  ##     ##  ######  ########

You're about to initialize a Firebase project in this directory:

  C:\Users\maxim\Documents\Dev Web\mise en ligne\MaximeBene\Disney-plus-clone\disney-plus-clone

Before we get started, keep in mind:

  * You are initializing within an existing Firebase project directory

[debug] [2022-04-07T00:58:52.755Z] <<< [apiv2][status] GET https://firebase-public.firebaseio.com/cli.json 200
[debug] [2022-04-07T00:58:52.756Z] <<< [apiv2][body] GET https://firebase-public.firebaseio.com/cli.json {"cloudBuildErrorAfter":1594252800000,"cloudBuildWarnAfter":1590019200000,"defaultNode10After":1594252800000,"minVersion":"3.0.5","node8DeploysDisabledAfter":1613390400000,"node8RuntimeDisabledAfter":1615809600000,"node8WarnAfter":1600128000000}
